app/stellar_arcana/android/app/build/intermediates/manifest_merge_blame_file/debug/manifest-merger-blame-debug-report.txt
1<?xml version="1.0" encoding="utf-8"?>
2<manifest xmlns:android="http://schemas.android.com/apk/res/android"
3    package="com.covaga.stellar_arcana"
4    android:versionCode="1"
5    android:versionName="1.0" >
6
7    <uses-sdk
8        android:minSdkVersion="21"
9        android:targetSdkVersion="34" />
10    <!--
11         The INTERNET permission is required for development. Specifically,
12         the Flutter tool needs it to communicate with the running application
13         to allow setting breakpoints, to provide hot reload, etc.
14    -->
15    <uses-permission android:name="android.permission.INTERNET" />
15-->src\main\AndroidManifest.xml:4:5-66
15-->src\main\AndroidManifest.xml:4:22-64
16
17    <queries>
17-->src\main\AndroidManifest.xml:33:5-38:15
18        <intent>
18-->src\main\AndroidManifest.xml:34:9-37:18
19            <action android:name="android.intent.action.PROCESS_TEXT" />
19-->src\main\AndroidManifest.xml:35:13-72
19-->src\main\AndroidManifest.xml:35:21-70
20
21            <data android:mimeType="text/plain" />
21-->src\main\AndroidManifest.xml:36:13-50
21-->src\main\AndroidManifest.xml:36:19-48
22        </intent>
23    </queries>
24
25    <uses-permission android:name="android.permission.ACCESS_NETWORK_STATE" />
25-->[com.google.firebase:firebase-config:22.0.1] AndroidManifest.xml:22:5-79
25-->[com.google.firebase:firebase-config:22.0.1] AndroidManifest.xml:22:22-76
26    <uses-permission android:name="android.permission.WAKE_LOCK" />
26-->[com.google.android.gms:play-services-measurement-api:22.1.2] AndroidManifest.xml:24:5-68
26-->[com.google.android.gms:play-services-measurement-api:22.1.2] AndroidManifest.xml:24:22-65
27    <uses-permission android:name="com.google.android.gms.permission.AD_ID" />
27-->[com.google.android.gms:play-services-measurement-api:22.1.2] AndroidManifest.xml:25:5-79
27-->[com.google.android.gms:play-services-measurement-api:22.1.2] AndroidManifest.xml:25:22-76
28    <uses-permission android:name="android.permission.ACCESS_ADSERVICES_ATTRIBUTION" />
28-->[com.google.android.gms:play-services-measurement-api:22.1.2] AndroidManifest.xml:26:5-88
28-->[com.google.android.gms:play-services-measurement-api:22.1.2] AndroidManifest.xml:26:22-85
29    <uses-permission android:name="android.permission.ACCESS_ADSERVICES_AD_ID" />
29-->[com.google.android.gms:play-services-measurement-api:22.1.2] AndroidManifest.xml:27:5-82
29-->[com.google.android.gms:play-services-measurement-api:22.1.2] AndroidManifest.xml:27:22-79
30    <uses-permission android:name="com.google.android.finsky.permission.BIND_GET_INSTALL_REFERRER_SERVICE" />
30-->[com.google.android.gms:play-services-measurement:22.1.2] AndroidManifest.xml:26:5-110
30-->[com.google.android.gms:play-services-measurement:22.1.2] AndroidManifest.xml:26:22-107
31
32    <permission
32-->[androidx.core:core:1.13.1] AndroidManifest.xml:22:5-24:47
33        android:name="com.covaga.stellar_arcana.DYNAMIC_RECEIVER_NOT_EXPORTED_PERMISSION"
33-->[androidx.core:core:1.13.1] AndroidManifest.xml:23:9-81
34        android:protectionLevel="signature" />
34-->[androidx.core:core:1.13.1] AndroidManifest.xml:24:9-44
35
36    <uses-permission android:name="com.covaga.stellar_arcana.DYNAMIC_RECEIVER_NOT_EXPORTED_PERMISSION" />
36-->[androidx.core:core:1.13.1] AndroidManifest.xml:26:5-97
36-->[androidx.core:core:1.13.1] AndroidManifest.xml:26:22-94
37
38    <application
39        android:name="android.app.Application"
40        android:appComponentFactory="androidx.core.app.CoreComponentFactory"
40-->[androidx.core:core:1.13.1] AndroidManifest.xml:28:18-86
41        android:debuggable="true"
42        android:icon="@mipmap/ic_launcher"
43        android:label="stellar_arcana" >
44        <activity
45            android:name="com.astral.arcana.MainActivity"
46            android:configChanges="orientation|keyboardHidden|keyboard|screenSize|smallestScreenSize|locale|layoutDirection|fontScale|screenLayout|density|uiMode"
47            android:exported="true"
48            android:hardwareAccelerated="true"
49            android:launchMode="singleTop"
50            android:taskAffinity=""
51            android:theme="@style/LaunchTheme"
52            android:windowSoftInputMode="adjustResize" >
53            <meta-data
54                android:name="io.flutter.embedding.android.NormalTheme"
55                android:resource="@style/NormalTheme" />
56
57            <intent-filter>
58                <action android:name="android.intent.action.MAIN" />
59
60                <category android:name="android.intent.category.LAUNCHER" />
61            </intent-filter>
62        </activity>
63
64        <meta-data
65            android:name="flutterEmbedding"
66            android:value="2" />
67
68        <service
68-->[:firebase_remote_config] AndroidManifest.xml:10:9-14:19
69            android:name="com.google.firebase.components.ComponentDiscoveryService"
69-->[:firebase_remote_config] AndroidManifest.xml:10:18-89
70            android:directBootAware="true"
70-->[com.google.firebase:firebase-common:21.0.0] AndroidManifest.xml:32:13-43
71            android:exported="false" >
71-->[com.google.firebase:firebase-config:22.0.1] AndroidManifest.xml:28:13-37
72            <meta-data
72-->[:firebase_remote_config] AndroidManifest.xml:11:13-13:85
73                android:name="com.google.firebase.components:io.flutter.plugins.firebase.firebaseremoteconfig.FlutterFirebaseAppRegistrar"
73-->[:firebase_remote_config] AndroidManifest.xml:12:17-139
74                android:value="com.google.firebase.components.ComponentRegistrar" />
74-->[:firebase_remote_config] AndroidManifest.xml:13:17-82
75            <meta-data
75-->[:firebase_core] AndroidManifest.xml:11:13-13:85
76                android:name="com.google.firebase.components:io.flutter.plugins.firebase.core.FlutterFirebaseCoreRegistrar"
76-->[:firebase_core] AndroidManifest.xml:12:17-124
77                android:value="com.google.firebase.components.ComponentRegistrar" />
77-->[:firebase_core] AndroidManifest.xml:13:17-82
78            <meta-data
78-->[com.google.firebase:firebase-config:22.0.1] AndroidManifest.xml:29:13-31:85
79                android:name="com.google.firebase.components:com.google.firebase.remoteconfig.FirebaseRemoteConfigKtxRegistrar"
79-->[com.google.firebase:firebase-config:22.0.1] AndroidManifest.xml:30:17-128
80                android:value="com.google.firebase.components.ComponentRegistrar" />
80-->[com.google.firebase:firebase-config:22.0.1] AndroidManifest.xml:31:17-82
81            <meta-data
81-->[com.google.firebase:firebase-config:22.0.1] AndroidManifest.xml:32:13-34:85
82                android:name="com.google.firebase.components:com.google.firebase.remoteconfig.RemoteConfigRegistrar"
82-->[com.google.firebase:firebase-config:22.0.1] AndroidManifest.xml:33:17-117
83                android:value="com.google.firebase.components.ComponentRegistrar" />
83-->[com.google.firebase:firebase-config:22.0.1] AndroidManifest.xml:34:17-82
84            <meta-data
84-->[com.google.android.gms:play-services-measurement-api:22.1.2] AndroidManifest.xml:37:13-39:85
85                android:name="com.google.firebase.components:com.google.firebase.analytics.connector.internal.AnalyticsConnectorRegistrar"
85-->[com.google.android.gms:play-services-measurement-api:22.1.2] AndroidManifest.xml:38:17-139
86                android:value="com.google.firebase.components.ComponentRegistrar" />
86-->[com.google.android.gms:play-services-measurement-api:22.1.2] AndroidManifest.xml:39:17-82
87            <meta-data
87-->[com.google.firebase:firebase-installations:18.0.0] AndroidManifest.xml:15:13-17:85
88                android:name="com.google.firebase.components:com.google.firebase.installations.FirebaseInstallationsKtxRegistrar"
88-->[com.google.firebase:firebase-installations:18.0.0] AndroidManifest.xml:16:17-130
89                android:value="com.google.firebase.components.ComponentRegistrar" />
89-->[com.google.firebase:firebase-installations:18.0.0] AndroidManifest.xml:17:17-82
90            <meta-data
90-->[com.google.firebase:firebase-installations:18.0.0] AndroidManifest.xml:18:13-20:85
91                android:name="com.google.firebase.components:com.google.firebase.installations.FirebaseInstallationsRegistrar"
91-->[com.google.firebase:firebase-installations:18.0.0] AndroidManifest.xml:19:17-127
92                android:value="com.google.firebase.components.ComponentRegistrar" />
92-->[com.google.firebase:firebase-installations:18.0.0] AndroidManifest.xml:20:17-82
93            <meta-data
93-->[com.google.firebase:firebase-common-ktx:21.0.0] AndroidManifest.xml:12:13-14:85
94                android:name="com.google.firebase.components:com.google.firebase.ktx.FirebaseCommonLegacyRegistrar"
94-->[com.google.firebase:firebase-common-ktx:21.0.0] AndroidManifest.xml:13:17-116
95                android:value="com.google.firebase.components.ComponentRegistrar" />
95-->[com.google.firebase:firebase-common-ktx:21.0.0] AndroidManifest.xml:14:17-82
96            <meta-data
96-->[com.google.firebase:firebase-common:21.0.0] AndroidManifest.xml:35:13-37:85
97                android:name="com.google.firebase.components:com.google.firebase.FirebaseCommonKtxRegistrar"
97-->[com.google.firebase:firebase-common:21.0.0] AndroidManifest.xml:36:17-109
98                android:value="com.google.firebase.components.ComponentRegistrar" />
98-->[com.google.firebase:firebase-common:21.0.0] AndroidManifest.xml:37:17-82
99            <meta-data
99-->[com.google.firebase:firebase-abt:21.1.1] AndroidManifest.xml:12:13-14:85
100                android:name="com.google.firebase.components:com.google.firebase.abt.component.AbtRegistrar"
100-->[com.google.firebase:firebase-abt:21.1.1] AndroidManifest.xml:13:17-109
101                android:value="com.google.firebase.components.ComponentRegistrar" />
101-->[com.google.firebase:firebase-abt:21.1.1] AndroidManifest.xml:14:17-82
102        </service>
103
104        <property
104-->[com.google.android.gms:play-services-measurement-api:22.1.2] AndroidManifest.xml:30:9-32:61
105            android:name="android.adservices.AD_SERVICES_CONFIG"
105-->[com.google.android.gms:play-services-measurement-api:22.1.2] AndroidManifest.xml:31:13-65
106            android:resource="@xml/ga_ad_services_config" />
106-->[com.google.android.gms:play-services-measurement-api:22.1.2] AndroidManifest.xml:32:13-58
107
108        <provider
108-->[com.google.firebase:firebase-common:21.0.0] AndroidManifest.xml:23:9-28:39
109            android:name="com.google.firebase.provider.FirebaseInitProvider"
109-->[com.google.firebase:firebase-common:21.0.0] AndroidManifest.xml:24:13-77
110            android:authorities="com.covaga.stellar_arcana.firebaseinitprovider"
110-->[com.google.firebase:firebase-common:21.0.0] AndroidManifest.xml:25:13-72
111            android:directBootAware="true"
111-->[com.google.firebase:firebase-common:21.0.0] AndroidManifest.xml:26:13-43
112            android:exported="false"
112-->[com.google.firebase:firebase-common:21.0.0] AndroidManifest.xml:27:13-37
113            android:initOrder="100" />
113-->[com.google.firebase:firebase-common:21.0.0] AndroidManifest.xml:28:13-36
114
115        <receiver
115-->[com.google.android.gms:play-services-measurement:22.1.2] AndroidManifest.xml:29:9-33:20
116            android:name="com.google.android.gms.measurement.AppMeasurementReceiver"
116-->[com.google.android.gms:play-services-measurement:22.1.2] AndroidManifest.xml:30:13-85
117            android:enabled="true"
117-->[com.google.android.gms:play-services-measurement:22.1.2] AndroidManifest.xml:31:13-35
118            android:exported="false" >
118-->[com.google.android.gms:play-services-measurement:22.1.2] AndroidManifest.xml:32:13-37
119        </receiver>
120
121        <service
121-->[com.google.android.gms:play-services-measurement:22.1.2] AndroidManifest.xml:35:9-38:40
122            android:name="com.google.android.gms.measurement.AppMeasurementService"
122-->[com.google.android.gms:play-services-measurement:22.1.2] AndroidManifest.xml:36:13-84
123            android:enabled="true"
123-->[com.google.android.gms:play-services-measurement:22.1.2] AndroidManifest.xml:37:13-35
124            android:exported="false" />
124-->[com.google.android.gms:play-services-measurement:22.1.2] AndroidManifest.xml:38:13-37
125        <service
125-->[com.google.android.gms:play-services-measurement:22.1.2] AndroidManifest.xml:39:9-43:72
126            android:name="com.google.android.gms.measurement.AppMeasurementJobService"
126-->[com.google.android.gms:play-services-measurement:22.1.2] AndroidManifest.xml:40:13-87
127            android:enabled="true"
127-->[com.google.android.gms:play-services-measurement:22.1.2] AndroidManifest.xml:41:13-35
128            android:exported="false"
128-->[com.google.android.gms:play-services-measurement:22.1.2] AndroidManifest.xml:42:13-37
129            android:permission="android.permission.BIND_JOB_SERVICE" />
129-->[com.google.android.gms:play-services-measurement:22.1.2] AndroidManifest.xml:43:13-69
130
131        <activity
131-->[com.google.android.gms:play-services-base:18.5.0] AndroidManifest.xml:5:9-173
132            android:name="com.google.android.gms.common.api.GoogleApiActivity"
132-->[com.google.android.gms:play-services-base:18.5.0] AndroidManifest.xml:5:19-85
133            android:exported="false"
133-->[com.google.android.gms:play-services-base:18.5.0] AndroidManifest.xml:5:146-170
134            android:theme="@android:style/Theme.Translucent.NoTitleBar" />
134-->[com.google.android.gms:play-services-base:18.5.0] AndroidManifest.xml:5:86-145
135
136        <uses-library
136-->[androidx.window:window:1.2.0] AndroidManifest.xml:23:9-25:40
137            android:name="androidx.window.extensions"
137-->[androidx.window:window:1.2.0] AndroidManifest.xml:24:13-54
138            android:required="false" />
138-->[androidx.window:window:1.2.0] AndroidManifest.xml:25:13-37
139        <uses-library
139-->[androidx.window:window:1.2.0] AndroidManifest.xml:26:9-28:40
140            android:name="androidx.window.sidecar"
140-->[androidx.window:window:1.2.0] AndroidManifest.xml:27:13-51
141            android:required="false" />
141-->[androidx.window:window:1.2.0] AndroidManifest.xml:28:13-37
142        <uses-library
142-->[androidx.privacysandbox.ads:ads-adservices:1.0.0-beta05] AndroidManifest.xml:23:9-25:40
143            android:name="android.ext.adservices"
143-->[androidx.privacysandbox.ads:ads-adservices:1.0.0-beta05] AndroidManifest.xml:24:13-50
144            android:required="false" />
144-->[androidx.privacysandbox.ads:ads-adservices:1.0.0-beta05] AndroidManifest.xml:25:13-37
145
146        <meta-data
146-->[com.google.android.gms:play-services-basement:18.4.0] AndroidManifest.xml:6:9-122
147            android:name="com.google.android.gms.version"
147-->[com.google.android.gms:play-services-basement:18.4.0] AndroidManifest.xml:6:20-65
148            android:value="@integer/google_play_services_version" />
148-->[com.google.android.gms:play-services-basement:18.4.0] AndroidManifest.xml:6:66-119
149
150        <provider
150-->[androidx.lifecycle:lifecycle-process:2.7.0] AndroidManifest.xml:24:9-32:20
151            android:name="androidx.startup.InitializationProvider"
151-->[androidx.lifecycle:lifecycle-process:2.7.0] AndroidManifest.xml:25:13-67
152            android:authorities="com.covaga.stellar_arcana.androidx-startup"
152-->[androidx.lifecycle:lifecycle-process:2.7.0] AndroidManifest.xml:26:13-68
153            android:exported="false" >
153-->[androidx.lifecycle:lifecycle-process:2.7.0] AndroidManifest.xml:27:13-37
154            <meta-data
154-->[androidx.lifecycle:lifecycle-process:2.7.0] AndroidManifest.xml:29:13-31:52
155                android:name="androidx.lifecycle.ProcessLifecycleInitializer"
155-->[androidx.lifecycle:lifecycle-process:2.7.0] AndroidManifest.xml:30:17-78
156                android:value="androidx.startup" />
156-->[androidx.lifecycle:lifecycle-process:2.7.0] AndroidManifest.xml:31:17-49
157            <meta-data
157-->[androidx.profileinstaller:profileinstaller:1.3.1] AndroidManifest.xml:29:13-31:52
158                android:name="androidx.profileinstaller.ProfileInstallerInitializer"
158-->[androidx.profileinstaller:profileinstaller:1.3.1] AndroidManifest.xml:30:17-85
159                android:value="androidx.startup" />
159-->[androidx.profileinstaller:profileinstaller:1.3.1] AndroidManifest.xml:31:17-49
160        </provider>
161
162        <receiver
162-->[androidx.profileinstaller:profileinstaller:1.3.1] AndroidManifest.xml:34:9-52:20
163            android:name="androidx.profileinstaller.ProfileInstallReceiver"
163-->[androidx.profileinstaller:profileinstaller:1.3.1] AndroidManifest.xml:35:13-76
164            android:directBootAware="false"
164-->[androidx.profileinstaller:profileinstaller:1.3.1] AndroidManifest.xml:36:13-44
165            android:enabled="true"
165-->[androidx.profileinstaller:profileinstaller:1.3.1] AndroidManifest.xml:37:13-35
166            android:exported="true"
166-->[androidx.profileinstaller:profileinstaller:1.3.1] AndroidManifest.xml:38:13-36
167            android:permission="android.permission.DUMP" >
167-->[androidx.profileinstaller:profileinstaller:1.3.1] AndroidManifest.xml:39:13-57
168            <intent-filter>
168-->[androidx.profileinstaller:profileinstaller:1.3.1] AndroidManifest.xml:40:13-42:29
169                <action android:name="androidx.profileinstaller.action.INSTALL_PROFILE" />
169-->[androidx.profileinstaller:profileinstaller:1.3.1] AndroidManifest.xml:41:17-91
169-->[androidx.profileinstaller:profileinstaller:1.3.1] AndroidManifest.xml:41:25-88
170            </intent-filter>
171            <intent-filter>
171-->[androidx.profileinstaller:profileinstaller:1.3.1] AndroidManifest.xml:43:13-45:29
172                <action android:name="androidx.profileinstaller.action.SKIP_FILE" />
172-->[androidx.profileinstaller:profileinstaller:1.3.1] AndroidManifest.xml:44:17-85
172-->[androidx.profileinstaller:profileinstaller:1.3.1] AndroidManifest.xml:44:25-82
173            </intent-filter>
174            <intent-filter>
174-->[androidx.profileinstaller:profileinstaller:1.3.1] AndroidManifest.xml:46:13-48:29
175                <action android:name="androidx.profileinstaller.action.SAVE_PROFILE" />
175-->[androidx.profileinstaller:profileinstaller:1.3.1] AndroidManifest.xml:47:17-88
175-->[androidx.profileinstaller:profileinstaller:1.3.1] AndroidManifest.xml:47:25-85
176            </intent-filter>
177            <intent-filter>
177-->[androidx.profileinstaller:profileinstaller:1.3.1] AndroidManifest.xml:49:13-51:29
178                <action android:name="androidx.profileinstaller.action.BENCHMARK_OPERATION" />
178-->[androidx.profileinstaller:profileinstaller:1.3.1] AndroidManifest.xml:50:17-95
178-->[androidx.profileinstaller:profileinstaller:1.3.1] AndroidManifest.xml:50:25-92
179            </intent-filter>
180        </receiver>
181    </application>
182
183</manifest>